[unicktheme.com/demo/const/index.html]
[backblue.gif]
[fade.gif]
[index.html]
[unicktheme.com/demo/const/assets/images/favicons/apple-touch-icon.png]
[unicktheme.com/demo/const/assets/images/favicons/favicon-32x32.png]
[unicktheme.com/demo/const/assets/images/favicons/favicon-16x16.png]
[unicktheme.com/demo/const/assets/images/favicons/site.webmanifest]
[unicktheme.com/demo/const/assets/css/bootstrap.min.css]
[unicktheme.com/demo/const/assets/css/animate.min.css]
[unicktheme.com/demo/const/assets/css/custom-animate.css]
[unicktheme.com/demo/const/assets/vendors/fontawesome/css/all.min.css]
[unicktheme.com/demo/const/assets/css/jarallax.css]
[unicktheme.com/demo/const/assets/css/jquery.magnific-popup.css]
[unicktheme.com/demo/const/assets/css/odometer.min.css]
[unicktheme.com/demo/const/assets/css/swiper.min.css]
[unicktheme.com/demo/const/assets/vendors/icomoon-icons/style.css]
[unicktheme.com/demo/const/assets/vendors/reey-font/stylesheet.css]
[unicktheme.com/demo/const/assets/css/owl.carousel.min.css]
[unicktheme.com/demo/const/assets/css/owl.theme.default.min.css]
[unicktheme.com/demo/const/assets/css/vegas.min.css]
[unicktheme.com/demo/const/assets/css/nice-select.css]
[unicktheme.com/demo/const/assets/css/responsive.css]
[unicktheme.com/demo/const/assets/css/scrollbar.css]
[unicktheme.com/demo/const/assets/css/style.css]
[unicktheme.com/demo/const/assets/images/resources/logo-1.png]
[unicktheme.com/demo/const/assets/images/resources/stricky-logo.png]
[unicktheme.com/demo/const/index-2.html]
[unicktheme.com/demo/const/index-3.html]
[unicktheme.com/demo/const/index-4.html]
[unicktheme.com/demo/const/index-5.html]
[unicktheme.com/demo/const/about-one.html]
[unicktheme.com/demo/const/about-two.html]
[unicktheme.com/demo/const/services.html]
[unicktheme.com/demo/const/general-contracting.html]
[unicktheme.com/demo/const/metrial-managment.html]
[unicktheme.com/demo/const/building-renovation.html]
[unicktheme.com/demo/const/architecture-design.html]
[unicktheme.com/demo/const/multistory-build.html]
[unicktheme.com/demo/const/portfolio.html]
[unicktheme.com/demo/const/portfolio-details.html]
[unicktheme.com/demo/const/team.html]
[unicktheme.com/demo/const/team-details.html]
[unicktheme.com/demo/const/testimonials.html]
[unicktheme.com/demo/const/pricing.html]
[unicktheme.com/demo/const/faq.html]
[unicktheme.com/demo/const/error.html]
[unicktheme.com/demo/const/blog.html]
[unicktheme.com/demo/const/blog-grid.html]
[unicktheme.com/demo/const/blog-list.html]
[unicktheme.com/demo/const/blog-standard.html]
[unicktheme.com/demo/const/blog-details.html]
[unicktheme.com/demo/const/contact.html]
[unicktheme.com/demo/const/assets/images/update1.0/slider-v1-img4.jpg]
[unicktheme.com/demo/const/assets/images/update1.0/slider-v1-img5.jpg]
[unicktheme.com/demo/const/assets/images/update1.0/slider-v1-img6.jpg]
[unicktheme.com/demo/const/assets/images/shapes/services-v3-shape1.png]
[unicktheme.com/demo/const/assets/images/update1.0/services-v3-shape2.png]
[unicktheme.com/demo/const/assets/images/services/services-v1-bg.jpg]
[unicktheme.com/demo/const/assets/images/update1.0/about-v3-img1.jpg]
[unicktheme.com/demo/const/assets/images/update1.0/project-v3-img1.jpg]
[unicktheme.com/demo/const/assets/images/update1.0/project-v3-img2.jpg]
[unicktheme.com/demo/const/assets/images/update1.0/project-v3-img3.jpg]
[unicktheme.com/demo/const/assets/images/update1.0/project-v3-img4.jpg]
[unicktheme.com/demo/const/assets/images/update1.0/feature-v3-img1.jpg]
[unicktheme.com/demo/const/assets/images/update1.0/feature-v3-img2.jpg]
[unicktheme.com/demo/const/assets/images/update1.0/feature-v3-img3.jpg]
[unicktheme.com/demo/const/assets/images/update1.0/faq-v1-img1.jpg]
[unicktheme.com/demo/const/assets/images/update1.0/testimonials-v3-img7.jpg]
[unicktheme.com/demo/const/assets/images/update1.0/testimonials-v3-img3.jpg]
[unicktheme.com/demo/const/assets/images/update1.0/testimonials-v3-img4.jpg]
[unicktheme.com/demo/const/assets/images/update1.0/testimonials-v3-img10.jpg]
[unicktheme.com/demo/const/assets/images/update1.0/testimonials-v3-img1.jpg]
[unicktheme.com/demo/const/assets/images/update1.0/testimonials-v3-img8.jpg]
[unicktheme.com/demo/const/assets/images/update1.0/testimonials-v3-img6.jpg]
[unicktheme.com/demo/const/assets/images/update1.0/testimonials-v3-img5.jpg]
[unicktheme.com/demo/const/assets/images/update1.0/testimonials-v3-img9.jpg]
[unicktheme.com/demo/const/assets/images/update1.0/testimonials-v3-img2.jpg]
[unicktheme.com/demo/const/assets/images/resources/work-perfomance-v1-img1.jpg]
[unicktheme.com/demo/const/assets/images/backgrounds/brand-v1-bg.png]
[unicktheme.com/demo/const/assets/images/brand/brand-v1-img1.png]
[unicktheme.com/demo/const/assets/images/brand/brand-v1-img2.png]
[unicktheme.com/demo/const/assets/images/brand/brand-v1-img3.png]
[unicktheme.com/demo/const/assets/images/brand/brand-v1-img4.png]
[unicktheme.com/demo/const/assets/images/blog/blog-v2-img1.jpg]
[unicktheme.com/demo/const/assets/images/blog/blog-v2-img2.jpg]
[unicktheme.com/demo/const/assets/images/blog/blog-v2-img3.jpg]
[unicktheme.com/demo/const/assets/images/pattern/footer-v1-pattern.png]
[unicktheme.com/demo/const/assets/images/resources/footer-v1-img3.png]
[unicktheme.com/demo/const/assets/images/resources/footer-v1-img1.jpg]
[unicktheme.com/demo/const/assets/images/resources/footer-v1-img2.jpg]
[unicktheme.com/demo/const/assets/js/jquery-3.6.0.min.js]
[unicktheme.com/demo/const/assets/js/bootstrap.bundle.min.js]
[unicktheme.com/demo/const/assets/js/jarallax.min.js]
[unicktheme.com/demo/const/assets/js/jquery.ajaxchimp.min.js]
[unicktheme.com/demo/const/assets/js/jquery.appear.min.js]
[unicktheme.com/demo/const/assets/js/jquery.circle-progress.min.js]
[unicktheme.com/demo/const/assets/js/jquery.magnific-popup.min.js]
[unicktheme.com/demo/const/assets/js/jquery.validate.min.js]
[unicktheme.com/demo/const/assets/js/odometer.min.js]
[unicktheme.com/demo/const/assets/js/swiper.min.js]
[unicktheme.com/demo/const/assets/js/wow.js]
[unicktheme.com/demo/const/assets/js/isotope.js]
[unicktheme.com/demo/const/assets/js/owl.carousel.min.js]
[unicktheme.com/demo/const/assets/js/parallax.min.js]
[unicktheme.com/demo/const/assets/js/jquery.nice-select.min.js]
[unicktheme.com/demo/const/assets/js/knob.js]
[unicktheme.com/demo/const/assets/js/tilt.jquery.js]
[unicktheme.com/demo/const/assets/js/jquery-sidebar-content.js]
[unicktheme.com/demo/const/assets/js/vegas.min.js]
[unicktheme.com/demo/const/index.html]
[unicktheme.com/demo/const/assets/js/script.js]
[unicktheme.com/demo/const/assets/css/bootstrap.min.css]
[unicktheme.com/demo/const/assets/css/animate.min.css]
[unicktheme.com/demo/const/assets/css/custom-animate.css]
[unicktheme.com/demo/const/assets/vendors/fontawesome/webfonts/fa-brands-400.eot]
[unicktheme.com/demo/const/assets/vendors/fontawesome/webfonts/fa-brands-400d41d.eot]
[unicktheme.com/demo/const/assets/vendors/fontawesome/webfonts/fa-brands-400.woff2]
[unicktheme.com/demo/const/assets/vendors/fontawesome/webfonts/fa-brands-400.woff]
[unicktheme.com/demo/const/assets/vendors/fontawesome/webfonts/fa-brands-400.ttf]
[unicktheme.com/demo/const/assets/vendors/fontawesome/webfonts/fa-regular-400.eot]
[unicktheme.com/demo/const/assets/vendors/fontawesome/webfonts/fa-regular-400d41d.eot]
[unicktheme.com/demo/const/assets/vendors/fontawesome/webfonts/fa-brands-400.svg]
[unicktheme.com/demo/const/assets/vendors/fontawesome/webfonts/fa-regular-400.woff2]
[unicktheme.com/demo/const/assets/vendors/fontawesome/webfonts/fa-regular-400.woff]
[unicktheme.com/demo/const/assets/vendors/fontawesome/webfonts/fa-regular-400.ttf]
[unicktheme.com/demo/const/assets/vendors/fontawesome/webfonts/fa-regular-400.svg]
[unicktheme.com/demo/const/assets/vendors/fontawesome/webfonts/fa-solid-900.eot]
[unicktheme.com/demo/const/assets/vendors/fontawesome/webfonts/fa-solid-900.woff2]
[unicktheme.com/demo/const/assets/vendors/fontawesome/webfonts/fa-solid-900d41d.eot]
[unicktheme.com/demo/const/assets/vendors/fontawesome/webfonts/fa-solid-900.woff]
[unicktheme.com/demo/const/assets/vendors/fontawesome/css/all.min.css]
[unicktheme.com/demo/const/assets/css/jarallax.css]
[unicktheme.com/demo/const/assets/css/jquery.magnific-popup.css]
[unicktheme.com/demo/const/assets/css/odometer.min.css]
[unicktheme.com/demo/const/assets/css/swiper.min.css]
[unicktheme.com/demo/const/assets/vendors/fontawesome/webfonts/fa-solid-900.ttf]
[unicktheme.com/demo/const/assets/vendors/icomoon-icons/fonts/icomoon78ed.eot]
[unicktheme.com/demo/const/assets/vendors/icomoon-icons/fonts/icomoon78ed.ttf]
[unicktheme.com/demo/const/assets/vendors/fontawesome/webfonts/fa-solid-900.svg]
[unicktheme.com/demo/const/assets/vendors/icomoon-icons/fonts/icomoon78ed.woff]
[unicktheme.com/demo/const/assets/vendors/icomoon-icons/style.css]
[unicktheme.com/demo/const/assets/vendors/icomoon-icons/fonts/icomoon78ed.svg]
[unicktheme.com/demo/const/assets/vendors/reey-font/reey-regular-webfont.woff2]
[unicktheme.com/demo/const/assets/vendors/reey-font/reey-regular-webfont.woff]
[unicktheme.com/demo/const/assets/vendors/reey-font/stylesheet.css]
[unicktheme.com/demo/const/assets/css/owl.carousel.min.css]
[unicktheme.com/demo/const/assets/css/owl.theme.default.min.css]
[unicktheme.com/demo/const/assets/css/vegas.min.css]
[unicktheme.com/demo/const/assets/css/nice-select.css]
[unicktheme.com/demo/const/assets/images/icon/cross-out.png]
[unicktheme.com/demo/const/assets/css/style.css]
[unicktheme.com/demo/const/assets/css/responsive.css]
[unicktheme.com/demo/const/assets/css/scrollbar.css]
[unicktheme.com/demo/const/assets/images/slider/slider-v2-img1.png]
[unicktheme.com/demo/const/assets/images/about/about-v2-img1.jpg]
[unicktheme.com/demo/const/assets/images/about/about-v2-img2.jpg]
[unicktheme.com/demo/const/assets/images/about/about-v2-author-img.jpg]
[unicktheme.com/demo/const/assets/images/shapes/why-choose-v2-shape1.png]
[unicktheme.com/demo/const/assets/images/resources/why-choose-v2-bg.jpg]
[unicktheme.com/demo/const/assets/images/backgrounds/benefits-v1-bg.jpg]
[unicktheme.com/demo/const/assets/images/shapes/feature-v2-shape1.png]
[unicktheme.com/demo/const/assets/images/resources/benefits-v1-img1.jpg]
[unicktheme.com/demo/const/assets/images/backgrounds/appointment-v1-bg.jpg]
[unicktheme.com/demo/const/assets/images/shapes/services-v2-shape1.jpg]
[unicktheme.com/demo/const/assets/images/services/services-v2-img1.jpg]
[unicktheme.com/demo/const/assets/images/services/services-v2-img2.jpg]
[unicktheme.com/demo/const/assets/images/services/services-v2-img3.jpg]
[unicktheme.com/demo/const/assets/images/project/project-v2-img1.jpg]
[unicktheme.com/demo/const/assets/images/project/project-v2-img2.jpg]
[unicktheme.com/demo/const/assets/images/project/project-v2-img3.jpg]
[unicktheme.com/demo/const/assets/images/shapes/team-v1-shape1.png]
[unicktheme.com/demo/const/assets/images/team/team-v1-img1.jpg]
[unicktheme.com/demo/const/assets/images/team/team-v1-img2.jpg]
[unicktheme.com/demo/const/assets/images/team/team-v1-img3.jpg]
[unicktheme.com/demo/const/assets/images/testimonial/testimonials-v2-img2.png]
[unicktheme.com/demo/const/assets/images/testimonial/testimonials-v2-1.png]
[unicktheme.com/demo/const/assets/images/testimonial/testimonials-v2-2.png]
[unicktheme.com/demo/const/assets/images/testimonial/testimonials-v2-3.png]
[unicktheme.com/demo/const/assets/images/testimonial/testimonials-v2-4.png]
[unicktheme.com/demo/const/assets/images/testimonial/testimonials-v2-5.png]
[unicktheme.com/demo/const/assets/images/testimonial/testimonials-v2-6.png]
[unicktheme.com/demo/const/index-2.html]
[unicktheme.com/demo/const/assets/images/slider/slider-v1-img1.jpg]
[unicktheme.com/demo/const/assets/images/slider/slider-v1-img2.jpg]
[unicktheme.com/demo/const/assets/images/slider/slider-v1-img3.jpg]
[unicktheme.com/demo/const/assets/images/services/services-v1-img1.jpg]
[unicktheme.com/demo/const/assets/images/services/services-v1-img2.jpg]
[unicktheme.com/demo/const/assets/images/services/services-v1-img3.jpg]
[unicktheme.com/demo/const/assets/images/about/about-v1-img1.jpg]
[unicktheme.com/demo/const/assets/images/shapes/project-v1-shape1.png]
[unicktheme.com/demo/const/assets/images/shapes/project-v1-shape2.png]
[unicktheme.com/demo/const/assets/images/project/project-v1-img1.jpg]
[unicktheme.com/demo/const/assets/images/project/project-v1-img2.jpg]
[unicktheme.com/demo/const/assets/images/project/project-v1-img3.jpg]
[unicktheme.com/demo/const/assets/images/project/project-v1-img4.jpg]
[unicktheme.com/demo/const/assets/images/resources/why-choose-v1-img1.jpg]
[unicktheme.com/demo/const/assets/images/resources/why-choose-v1-img2.jpg]
[unicktheme.com/demo/const/assets/images/resources/why-choose-v1-img3.jpg]
[unicktheme.com/demo/const/assets/images/resources/why-choose-v1-img4.jpg]
[unicktheme.com/demo/const/assets/images/resources/why-choose-v1-img5.jpg]
[unicktheme.com/demo/const/assets/images/backgrounds/features-v1-bg.jpg]
[unicktheme.com/demo/const/assets/images/resources/feature-v3-img1.jpg]
[unicktheme.com/demo/const/assets/images/resources/feature-v3-img2.jpg]
[unicktheme.com/demo/const/assets/images/resources/feature-v3-img3.jpg]
[unicktheme.com/demo/const/assets/images/shapes/testimonials-v1-shape1.png]
[unicktheme.com/demo/const/assets/images/shapes/testimonials-v1-shape2.png]
[unicktheme.com/demo/const/assets/images/testimonial/testimonials-v1-img1.jpg]
[unicktheme.com/demo/const/assets/images/testimonial/testimonials-v1-img2.jpg]
[unicktheme.com/demo/const/assets/images/testimonial/testimonials-v1-img3.jpg]
[unicktheme.com/demo/const/assets/images/blog/blog-v1-img1.jpg]
[unicktheme.com/demo/const/assets/images/blog/blog-v1-img2.jpg]
[unicktheme.com/demo/const/assets/images/blog/blog-v1-img3.jpg]
[unicktheme.com/demo/const/index-3.html]
[unicktheme.com/demo/const/assets/images/pattern/counter-v1-pattern.png]
[unicktheme.com/demo/const/assets/images/update1.0/cta-v1-bg.jpg]
[unicktheme.com/demo/const/assets/images/update1.0/video-v1-bg.jpg]
[unicktheme.com/demo/const/index-4.html]
[unicktheme.com/demo/const/assets/images/update1.0/slider-v5-img1.jpg]
[unicktheme.com/demo/const/assets/images/update1.0/slider-v5-img2.jpg]
[unicktheme.com/demo/const/assets/images/update1.0/slider-v5-img3.jpg]
[unicktheme.com/demo/const/index-5.html]
[unicktheme.com/demo/const/assets/images/backgrounds/page-header-img.jpg]
[unicktheme.com/demo/const/about-one.html]
[unicktheme.com/demo/const/about-two.html]
[unicktheme.com/demo/const/services.html]
[unicktheme.com/demo/const/assets/images/services/services-details-img1.jpg]
[unicktheme.com/demo/const/assets/images/services/services-details-img2.jpg]
[unicktheme.com/demo/const/assets/images/services/services-details-img3.jpg]
[unicktheme.com/demo/const/assets/images/services/services-details-img4.jpg]
[unicktheme.com/demo/const/assets/images/services/services-details-img5.jpg]
[unicktheme.com/demo/const/general-contracting.html]
[unicktheme.com/demo/const/metrial-managment.html]
[unicktheme.com/demo/const/building-renovation.html]
[unicktheme.com/demo/const/architecture-design.html]
[unicktheme.com/demo/const/multistory-build.html]
[unicktheme.com/demo/const/assets/images/project/project-v3-img1.jpg]
[unicktheme.com/demo/const/assets/images/project/project-v3-img2.jpg]
[unicktheme.com/demo/const/assets/images/project/project-v3-img3.jpg]
[unicktheme.com/demo/const/assets/images/project/project-v3-img4.jpg]
[unicktheme.com/demo/const/assets/images/project/project-v3-img5.jpg]
[unicktheme.com/demo/const/assets/images/project/project-v3-img6.jpg]
[unicktheme.com/demo/const/assets/images/project/project-v3-img7.jpg]
[unicktheme.com/demo/const/assets/images/project/project-v3-img8.jpg]
[unicktheme.com/demo/const/assets/images/project/project-v3-img9.jpg]
[unicktheme.com/demo/const/portfolio.html]
[unicktheme.com/demo/const/assets/images/project/protfolio-details-img1.jpg]
[unicktheme.com/demo/const/assets/images/project/protfolio-details-img2.jpg]
[unicktheme.com/demo/const/assets/images/project/protfolio-details-img3.jpg]
[unicktheme.com/demo/const/assets/images/project/protfolio-details-img4.jpg]
[unicktheme.com/demo/const/assets/images/project/protfolio-details-img5.jpg]
[unicktheme.com/demo/const/assets/images/project/protfolio-details-img6.jpg]
[unicktheme.com/demo/const/portfolio-details.html]
[unicktheme.com/demo/const/assets/images/team/team-v1-img4.jpg]
[unicktheme.com/demo/const/assets/images/team/team-v1-img5.jpg]
[unicktheme.com/demo/const/assets/images/team/team-v1-img6.jpg]
[unicktheme.com/demo/const/assets/images/team/team-v1-img7.jpg]
[unicktheme.com/demo/const/assets/images/team/team-v1-img8.jpg]
[unicktheme.com/demo/const/assets/images/team/team-v1-img9.jpg]
[unicktheme.com/demo/const/assets/images/team/team-v1-img10.jpg]
[unicktheme.com/demo/const/assets/images/team/team-v1-img11.jpg]
[unicktheme.com/demo/const/team.html]
[unicktheme.com/demo/const/assets/images/team/team-details-img1.jpg]
[unicktheme.com/demo/const/team-details.html]
[unicktheme.com/demo/const/assets/images/update1.0/testimonials-v3-img11.jpg]
[unicktheme.com/demo/const/assets/images/update1.0/testimonials-v3-img12.jpg]
[unicktheme.com/demo/const/assets/images/update1.0/testimonials-v3-img13.jpg]
[unicktheme.com/demo/const/assets/images/update1.0/testimonials-v3-img14.jpg]
[unicktheme.com/demo/const/assets/images/update1.0/testimonials-v3-img15.jpg]
[unicktheme.com/demo/const/assets/images/update1.0/testimonials-v3-img16.jpg]
[unicktheme.com/demo/const/testimonials.html]
[unicktheme.com/demo/const/pricing.html]
[unicktheme.com/demo/const/faq.html]
[unicktheme.com/demo/const/error.html]
[unicktheme.com/demo/const/assets/images/blog/blog-v2-img4.jpg]
[unicktheme.com/demo/const/assets/images/blog/blog-v2-img5.jpg]
[unicktheme.com/demo/const/assets/images/blog/blog-v2-img6.jpg]
[unicktheme.com/demo/const/blog.html]
[unicktheme.com/demo/const/assets/images/blog/blog-grid-img1.jpg]
[unicktheme.com/demo/const/assets/images/blog/blog-grid-img2.jpg]
[unicktheme.com/demo/const/assets/images/blog/blog-grid-img3.jpg]
[unicktheme.com/demo/const/assets/images/blog/blog-grid-img4.jpg]
[unicktheme.com/demo/const/assets/images/blog/blog-grid-img5.jpg]
[unicktheme.com/demo/const/assets/images/blog/blog-grid-img6.jpg]
[unicktheme.com/demo/const/assets/images/blog/blog-grid-img7.jpg]
[unicktheme.com/demo/const/assets/images/blog/blog-grid-img8.jpg]
[unicktheme.com/demo/const/assets/images/blog/blog-grid-img9.jpg]
[unicktheme.com/demo/const/blog-grid.html]
[unicktheme.com/demo/const/assets/images/blog/blog-list-img1.jpg]
[unicktheme.com/demo/const/assets/images/blog/blog-list-img2.jpg]
[unicktheme.com/demo/const/assets/images/blog/blog-list-img3.jpg]
[unicktheme.com/demo/const/assets/images/blog/blog-list-img4.jpg]
[unicktheme.com/demo/const/assets/images/blog/blog-list-img5.jpg]
[unicktheme.com/demo/const/assets/images/blog/blog-list-img6.jpg]
[unicktheme.com/demo/const/assets/images/blog/blog-list-img7.jpg]
[unicktheme.com/demo/const/assets/images/blog/lp-1-1.jpg]
[unicktheme.com/demo/const/assets/images/blog/lp-1-2.jpg]
[unicktheme.com/demo/const/assets/images/blog/lp-1-3.jpg]
[unicktheme.com/demo/const/assets/images/backgrounds/sidebar-support-bg.jpg]
[unicktheme.com/demo/const/blog-list.html]
[unicktheme.com/demo/const/assets/images/blog/blog-standard-img1.jpg]
[unicktheme.com/demo/const/assets/images/blog/blog-standard-img2.jpg]
[unicktheme.com/demo/const/assets/images/blog/blog-standard-img3.jpg]
[unicktheme.com/demo/const/assets/images/blog/blog-standard-img4.jpg]
[unicktheme.com/demo/const/assets/images/blog/blog-standard-img5.jpg]
[unicktheme.com/demo/const/blog-standard.html]
[unicktheme.com/demo/const/assets/images/blog/blog-details-img-1.jpg]
[unicktheme.com/demo/const/assets/images/blog/blog-details-img-2.jpg]
[unicktheme.com/demo/const/assets/images/blog/author-1-1.jpg]
[unicktheme.com/demo/const/assets/images/blog/comment-1-1.jpg]
[unicktheme.com/demo/const/assets/images/blog/comment-1-2.jpg]
[unicktheme.com/demo/const/blog-details.html]
[unicktheme.com/demo/const/contact.html]
[unicktheme.com/demo/const/assets/vendors/fontawesome/webfonts/fa-brands-400.svg]
[unicktheme.com/demo/const/assets/vendors/fontawesome/webfonts/fa-regular-400.svg]
[unicktheme.com/demo/const/assets/vendors/fontawesome/webfonts/fa-solid-900.svg]
[unicktheme.com/demo/const/assets/vendors/icomoon-icons/fonts/icomoon78ed.svg]
[unicktheme.com/demo/const/assets/css/owl.video.play.html]
[unicktheme.com/demo/const/assets/css/overlays/02.html]
[unicktheme.com/demo/const/assets/css/mCSB_buttons.html]
